1	लिस	लिस	NN	15	k1
2	ने	ने	PSP:ने	1	lwg__psp
3	सीबीआई	सीबीआई	NN	15	k1
4	द्वारा	द्वारा	PSP:द्वारा	3	lwg__psp
5	आरोपित	आरोपित	JJ	7	nmod__adj
6	तीनों	तीन	QC	7	nmod__adj
7	लोगों	लोग	NN	15	k7
8	पर	पर	PSP:पर	7	lwg__psp
9	कभी	कभी	PRP	15	k7t
10	ढ़ंग	ढ़ंग	NN	15	k5
11	से	से	PSP:से	10	lwg__psp
12	शक	शक	NN	15	pof
13	तक	तक	RP	12	lwg__rp
14	नहीं	नहीं	NEG	15	lwg__neg
15	किया	कर	VM	0	main
16	था	था	VAUX	15	lwg__vaux
17	.	.	.	15	rsym

1	जाहिर	जाहिर	JJ	2	k1s
2	है	है	VM	0	main
3	कि	कि	CC:कि	2	k1s
4	सीबीआई	सीबीआई	NN	5	ccof
5	या	या	CC:या	12	k1
6	पुलिस	पुलिस	NN	5	ccof
7	में	में	PSP:में	6	lwg__psp
8	से	से	PSP:से	6	lwg__psp
9	एक	एक	QC	12	k1
10	तो	तो	RP	9	lwg__rp
11	ग़लत	ग़लत	XC	12	k1
12	है	है	VAUX	3	ccof
13	.	.	.	12	rsym

1	वो	वो	PRP	0	ROOT
2	न	न	NEG	0	ROOT
3	तो	तो	RP	2	lwg__rp
4	वर्तमान	वर्तमान	JJ	6	mod
5	आरोपियों	आरोपियों	NN	6	mod
6	कृष्णा	कृष्णा	NN	7	ccof
7	और	और	CC:और	16	k1
8	उसके	उसके	PRP	9	r6
9	दोस्तों	दोस्त	NN	7	ccof
10	की	का	PSP:का	9	lwg__psp
11	तरह	तरह	PSP:तरह	9	lwg__psp
12	शराब	शराब	NN	14	r6
13	के	का	PSP:का	12	lwg__psp
14	नशे	नशा	NN	16	k7
15	में	में	PSP:में	14	lwg__psp
16	थी	था	VM	17	ccof
17	और	और	CC:और	0	ROOT
18	न	न	NEG	17	ccof
19	ही	ही	RP	18	lwg__rp
20	उनकी	उनकी	PRP	21	r6
21	तरह	तरह	NN	25	adv
22	कम	कम	QF	23	nmod__adj
23	पढ़ी-लिखी	पढ़ी-लिखी	JJ	25	k1s
24	ही	ही	RP	23	lwg__rp
25	थी	था	VM	18	ccof
26	.	.	.	25	rsym

1	अपनी	अपनी	PRP	2	r6
2	कहानी	कहानी	NN	6	k2
3	को	को	PSP:को	2	lwg__psp
4	सही	सही	JJ	6	k2
5	साबित	साबित	JJ	6	pof
6	करने	कर	VM	12	rt
7	के	का	PSP:का	6	lwg__psp
8	लिए	ले	PSP:ले	6	lwg__psp
9	पुलिस	पुलिस	NN	12	k1
10	यहीं	यहीं	PRP	12	k1s
11	नहीं	नहीं	NEG	12	lwg__neg
12	रुकी	रुक	VM	0	main
13	.	.	.	12	rsym

1	ऐसा	ऐसा	PRP	8	k1
2	ही	ही	RP	1	lwg__rp
3	शायद	शायद	RB	8	adv
4	आरुषि	आरुषि	NN	6	r6
5	के	का	PSP:का	4	lwg__psp
6	मामले	मामला	NN	8	k7
7	में	में	PSP:में	6	lwg__psp
8	हुआ	हो	VM	0	main
9	.	.	.	8	rsym

1	पिछले	पिछला	JJ	2	nmod__adj
2	दिनों	दिन	NN	6	k7t
3	दिल्ली	दिल्ली	NNP	6	k5
4	से	से	PSP:से	3	lwg__psp
5	बोरिया-बिस्तर	बोरिया-बिस्तर	NN	6	pof
6	उठा	उठा	VM	10	k1
7	नोएडा	नोएडा	NN	10	k7p
8	में	में	PSP:में	7	lwg__psp
9	शिफ्ट	शिफ्ट	NN	10	pof
10	होने	हो	VM	0	main
11	की	का	PSP:का	10	lwg__psp
12	सोच	सोच	VM	10	lwg__psp
13	रहा	रह	VAUX	10	lwg__vaux
14	था	था	VAUX	10	lwg__vaux
15	.	.	.	10	rsym

1	फिर	फिर	RB	2	adv
2	लेने	ले	VM	6	vmod
3	के	का	PSP:का	2	lwg__psp
4	बजाय	बजाय	PSP:?	2	lwg__psp
5	उल्टे	उल्टे	NN	6	pof
6	देने	दे	VM	8	vmod
7	भी	भी	RP	6	lwg__rp
8	पड	पड	VM	0	main
9	सकते	सक	VAUX	8	lwg__vaux
10	हैं	है	VAUX	8	lwg__vaux
11	.	.	.	8	rsym

1	धीरे-धीरे	धीरे-धीरे	JJ	2	nmod__adj
2	जातियों	जाति	NN	4	k2
3	को	को	PSP:को	2	lwg__psp
4	भूलने	भूल	VM	6	r6-k2
5	की	का	PSP:का	4	lwg__psp
6	कोशिश	कोशिश	NN	7	pof
7	करता	कर	VM	15	vmod
8	समाज	समाज	NN	15	k1
9	एक	एक	QC	11	nmod__adj
10	नई	नई	JJ	11	nmod__adj
11	तरह	तरह	NN	15	adv
12	से	से	PSP:से	11	lwg__psp
13	दोफाड़	दोफाड़	NNP	15	k1
14	न	न	NEG	15	lwg__neg
15	हुआ	हो	VM	0	main
16	होता	हो	VAUX	15	lwg__vaux
17	.	.	.	15	rsym

1	उन्होंने	उन्होंने	PRP	10	k1
2	पहले	पहले	NST	10	k7t
3	भी	भी	RP	2	lwg__rp
4	इस	इस	DEM	5	nmod__adj
5	तरह	तरह	NN	7	r6
6	की	का	PSP:का	5	lwg__psp
7	बात	बात	NN	9	r6-k2
8	का	का	PSP:का	7	lwg__psp
9	विरोध	विरोध	NN	10	pof
10	किया	कर	VM	0	main
11	.	.	.	10	rsym

1	तो	तो	CC:तो	0	main
2	उसपर	उसपर	PRP	5	k1
3	ये	यह	DEM	5	k2
4	भी	भी	RP	3	lwg__rp
5	कहा	कह	VM	1	ccof
6	जा	जा	VAUX	5	lwg__vaux
7	सकता	सक	VAUX	5	lwg__vaux
8	है	है	VAUX	5	lwg__vaux
9	कि	कि	CC:कि	5	k2
10	सामाजिक	सामाजिक	JJ	11	nmod__adj
11	न्याय	न्याय	NN	12	k2
12	दिलाने	दिला	VM	24	vmod
13	के	का	PSP:का	12	lwg__psp
14	लिए	ले	PSP:ले	12	lwg__psp
15	तो	तो	RP	12	lwg__rp
16	और	और	INTF	24	adv
17	भी	भी	RP	16	lwg__rp
18	कई	कई	QF	19	nmod__adj
19	तरह	तरह	NN	21	r6
20	की	का	PSP:का	19	lwg__psp
21	योजनाएं	योजना	NN	22	ccof
22	और	और	CC:और	24	k2
23	कानून	कानून	NN	22	ccof
24	बनाए	बना	VM	9	ccof
25	जा	जा	VAUX	24	lwg__vaux
26	सकते	सक	VAUX	24	lwg__vaux
27	थे	था	VAUX	24	lwg__vaux
28	.	.	.	24	rsym

1	वैसे	वैसे	PRP	23	sent-adv
2	भी	भी	RP	1	lwg__rp
3	कम	कम	QF	6	nmod
4	से	से	PSP:से	3	lwg__rp
5	कम	कम	QF	3	nmod__adj
6	आज	आज	NN	8	r6
7	के	का	PSP:का	6	lwg__psp
8	वैश्वीकरण	वैश्वीकरण	NN	10	nmod
9	वाले	वाला	PSP:वाला	8	lwg__psp
10	दौर	दौर	NN	23	k7
11	में	में	PSP:में	10	lwg__psp
12	लोगों	लोग	NN	15	r6
13	की	का	PSP:का	12	lwg__psp
14	हर	हर	QF	15	nmod__adj
15	तरह	तरह	NN	18	r6
16	की	का	PSP:का	15	lwg__psp
17	स्थितियां	स्थितियां	NN	18	nmod__adj
18	पैसे	पैसा	NN	20	r6
19	की	का	PSP:का	18	lwg__psp
20	बिना	बिन	NEG	23	vmod
21	पर	पर	PSP:पर	20	lwg__psp
22	ही	ही	RP	20	lwg__rp
23	बनती	बन	VM	24	ccof
24	और	और	CC:और	0	main
25	बिगड़ती	बिगड़ती	XC	26	mod
26	हैं	ही	NNP	24	ccof
27	.	.	.	26	rsym

1	तो	तो	CC:तो	0	ROOT
2	ऐसे	ऐसे	PRP	0	ROOT
3	में	में	PSP:में	2	lwg__psp
4	ये	यह	PRP	5	k2
5	सोचना	सोच	VM	0	ROOT
6	पूरी	पूरी	JJ	7	nmod__adj
7	तरह	तरह	NN	10	adv
8	अनुचित	अनुचित	JJ	10	mod
9	नहीं	नहीं	NEG	10	lwg__neg
10	कि	कि	CC:कि	5	k2
11	जब	जब	PRP	22	k7t
12	आर्थिक	आर्थिक	JJ	13	nmod__adj
13	रूप	रूप	NN	22	adv
14	से	से	PSP:से	13	lwg__psp
15	समृद्ध	समृद्ध	JJ	16	nmod__adj
16	व्यक्ति	व्यक्ति	NN	22	k1
17	सामाजिक	सामाजिक	JJ	18	nmod__adj
18	रूप	रूप	NN	22	adv
19	से	से	PSP:से	18	lwg__psp
20	भी	भी	RP	18	lwg__rp
21	प्रतिष्ठित	प्रतिष्ठित	JJ	22	pof
22	होगा	हो	VM	10	ccof
23	.	.	.	22	rsym

1	अब	अब	PRP	6	k7t
2	जिस	जो	DEM	3	nmod__adj
3	तरह	तरह	NN	5	r6
4	की	का	PSP:का	3	lwg__psp
5	स्थितियां	स्थितियां	NN	6	k1s
6	बन	बन	VM	9	nmod__relc
7	चुकी	चुक	VAUX	6	lwg__vaux
8	हैं	है	VAUX	6	lwg__vaux
9	उनमें	उनमें	PRP	23	k7
10	आरक्षण	आरक्षण	NN	12	r6
11	का	का	PSP:का	10	lwg__psp
12	मकसद	मकसद	NN	14	k2
13	हासिल	हासिल	NN	14	pof
14	करके	कर	VM	23	vmod
15	इसे	इसे	PRP	17	k2
16	खत्म	खत्म	JJ	17	pof
17	करने	कर	VM	19	r6
18	की	का	PSP:का	17	lwg__psp
19	संभावनाएं	संभावना	NN	23	k1
20	न	न	NEG	23	r6
21	के	का	PSP:का	20	mod
22	बराबर	बराबर	JJ	23	pof
23	दिखती	दिख	VM	0	main
24	है	है	VAUX	23	lwg__vaux
25	.	.	.	23	rsym

1	ये	यह	DEM	2	nmod__adj
2	देश	देश	NN	5	r6
3	की	का	PSP:का	2	lwg__psp
4	पहली	पहली	QO	5	nmod__adj
5	गठबंधन	गठबंधन	NN	7	k1
6	सरकार	सरकार	NN	7	k1
7	थी	था	VM	8	ccof
8	और	और	CC:और	0	main
9	इसमें	इसमें	PRP	16	k7
10	देवीलाल	देवीलाल	NNP	11	ccof
11	और	और	CC:और	16	k1
12	चन्द्रशेखर	चन्द्रशेखर	NNP	11	ccof
13	जैसे	जैसे	PSP:जैसे	12	lwg__psp
14	महारथी	महारथी	NN	16	k1
15	शामिल	शामिल	JJ	16	pof
16	थे	था	VM	8	ccof
17	.	.	.	16	rsym

1	मगर	मगर	CC:मगर	0	ROOT
2	यदि	यदि	CC:यदि	0	ROOT
3	किसी	किसी	PRP	4	nmod__adj
4	सीढ़ी	सीढ़ी	NNP	13	k7p
5	में	में	PSP:में	4	lwg__psp
6	ऊपर	ऊपर	NST	9	r6
7	के	का	PSP:का	6	lwg__psp
8	एक	एक	QC	9	ccof
9	या	या	CC:या	13	k2
10	दो	दो	QC	11	nmod__adj
11	पायदान	पायदान	NN	9	ccof
12	ही	ही	RP	11	lwg__rp
13	हों	ह	VM	14	ccof
14	और	और	CC:और	0	ROOT
15	नीचे	नीचा	NST	17	r6
16	के	का	PSP:का	15	lwg__psp
17	पायदान	पायदान	NN	19	k1
18	नदारद	नदारद	JJ	19	k1s
19	हों	ह	VM	14	ccof
20	तो	तो	CC:तो	0	ROOT
21	ऐसा	ऐसा	PRP	23	k1
22	तो	तो	RP	21	lwg__rp
23	होगा	हो	VM	31	vmod
24	ही	ही	RP	23	lwg__rp
25	पहले	पहले	NST	26	nmod__adj
26	नौकरियों	नौकरी	NN	31	rt
27	के	का	PSP:का	26	lwg__psp
28	लिए	ले	PSP:ले	26	lwg__psp
29	लोग	लोग	NN	31	k1
30	नहीं	नहीं	NEG	31	lwg__neg
31	मिले	मिल	VM	20	ccof
32	तो	तो	CC:तो	0	ROOT
33	अब	अब	PRP	40	k7t
34	उच्च	उच्च	JJ	35	nmod__adj
35	शिक्षा	शिक्षा	NN	40	k7
36	के	का	PSP:का	35	lwg__psp
37	लिए	ले	PSP:ले	35	lwg__psp
38	भी	भी	RP	35	lwg__rp
39	नहीं	नहीं	NEG	40	lwg__neg
40	मिलेंगे	मिल	VM	32	ccof
41	.	.	.	40	rsym

1	सवाल	सवाल	NN	3	k1
2	ये	यह	PRP	3	k1s
3	है	है	VM	0	main
4	कि	कि	CC:कि	0	ROOT
5	उल्टी	उल्टी	NN	7	k1
6	गंगा	गंगा	JJ	7	adv
7	बहाने	बहा	VM	0	ROOT
8	की	का	PSP:का	7	lwg__psp
9	बजाय	बजाय	PSP:?	7	lwg__psp
10	चीजों	चीज	NN	0	ROOT
11	को	को	PSP:को	10	lwg__psp
12	सही	सही	JJ	13	nmod__adj
13	क्रम	क्रम	NN	0	ROOT
14	में	में	PSP:में	13	lwg__psp
15	या	या	CC:या	13	rsym
16	फिर	फिर	RB	23	adv
17	सभी	सभी	QF	23	k4a
18	को	को	PSP:को	17	lwg__psp
19	एक	एक	QC	23	k7t
20	साथ	साथ	NST	19	lwg__psp
21	क्यों	क्यों	WQ	23	adv
22	नहीं	नहीं	NEG	23	lwg__neg
23	होने	हो	VM	15	ccof
24	दिया	दे	VAUX	23	lwg__vaux
25	गया	गया	VAUX	23	lwg__vaux
26	.	.	.	23	rsym

1	एक	एक	QC	2	nmod__adj
2	योजना	योजना	NN	4	k2
3	खत्म	खत्म	JJ	4	pof
4	कर	कर	VM	9	vmod
5	उसका	उसका	PRP	7	r6
6	धन	धन	NN	7	mod
7	दूसरी	दूसरी	NN	9	k7
8	में	में	PSP:में	7	lwg__psp
9	डाला	डाल	VM	10	ccof
10	और	और	CC:और	0	main
11	बिना	बिन	NEG	31	vmod
12	गांठ	गांठ	NN	15	r6
13	का	का	PSP:का	12	lwg__psp
14	कुछ	कुछ	QF	15	nmod__adj
15	खर्च	खर्च	NN	31	vmod
16	किए	कर	VM	15	lwg__vaux
17	इसका	इसका	PRP	19	r6
18	कार्य	कार्य	NN	19	mod
19	क्षेत्र	क्षेत्र	NN	24	k2
20	भी	भी	RP	19	lwg__rp
21	बढ़ा	बढ़ा	XC	24	adv
22	दिया	दे	VAUX	21	lwg__psp
23	भुगतान	भुगतान	NN	24	pof
24	करने	कर	VM	31	k7
25	पर	पर	PSP:पर	24	lwg__psp
26	केवल	केवल	RB	29	lwg__rp
27	तीन	तीन	QC	29	nmod__adj
28	चौथाई	चौथाई	QC	29	nmod__adj
29	रकम	रकम	NN	31	k2
30	ही	ही	RP	29	lwg__rp
31	चुकानी	चुका	VM	10	ccof
32	होगी	हो	VAUX	31	lwg__vaux
33	.	.	.	31	rsym

1	करीब	करीब	RB	3	lwg__rp
2	चालीस	चालीस	QC	3	nmod__adj
3	साल	साल	NN	5	r6
4	के	का	PSP:का	3	lwg__psp
5	गुप्ता	गुप्ता	NN	19	k1
6	जी	जी	NN	8	r6
7	के	का	PSP:का	6	lwg__psp
8	परिवार	परिवार	NN	19	k7
9	में	में	PSP:में	8	lwg__psp
10	उनकी	उनकी	PRP	11	r6
11	मां	माँ	XC	17	ccof
12	,	,	,	11	rsym
13	पत्नी	पत्नी	NN	17	ccof
14	,	,	,	13	rsym
15	एक	एक	QC	16	nmod__adj
16	बेटी	बेटी	NN	17	ccof
17	और	और	CC:और	19	k1
18	बेटा	बेटा	NN	17	ccof
19	हैं	है	VM	0	main
20	.	.	.	19	rsym

1	अगर	अगर	CC:अगर	0	ROOT
2	दस	दस	QC	3	nmod__adj
3	साल	साल	NN	5	r6
4	की	का	PSP:का	3	lwg__psp
5	बेटी	बेटी	NN	8	k7
6	को	को	PSP:को	5	lwg__psp
7	भी	भी	RP	5	lwg__rp
8	गिन	गिन	VM	1	ccof
9	लिया	ले	VAUX	8	lwg__vaux
10	जाए	जा	VAUX	8	lwg__vaux
11	तो	तो	CC:तो	0	ROOT
12	कुल	कुल	QF	19	k1
13	मिलाकर	मिला	VM	14	nmod__adj
14	घर	घर	NN	19	k7p
15	में	में	PSP:में	14	lwg__psp
16	तीन	तीन	QC	17	nmod__adj
17	महिला	महिला	NN	19	k1
18	सदस्य	सदस्य	JJ	19	k1s
19	हैं	है	VM	11	ccof
20	.	.	.	19	rsym

1	ये	यह	DEM	2	nmod__adj
2	कदम	कदम	NN	15	k1
3	केवल	केवल	RP	4	lwg__rp
4	महिलाओं	महिला	NN	15	k4a
5	को	को	PSP:को	4	lwg__psp
6	चुनावी	चुनावी	JJ	7	nmod__adj
7	वक्त	वक्त	NN	9	k7t
8	में	में	PSP:में	7	lwg__psp
9	लुभाने	लुभा	VM	12	r6
10	की	का	PSP:का	9	lwg__psp
11	एक	एक	QC	12	nmod__adj
12	लोकलुभावन	लोकलुभावन	NN	15	k1
13	तरकीब	तरकीब	NN	15	k1s
14	जैसा	जैसा	PSP:जैसा	13	lwg__psp
15	है	है	VM	0	main
16	.	.	.	15	rsym

1	उन्होंने	उन्होंने	PRP	13	k1
2	उतनी	उतनी	QF	13	sent-adv
3	ही	ही	RP	2	lwg__rp
4	फिल्म	फिल्म	NN	13	k2
5	को	को	PSP:को	4	lwg__psp
6	रबड़	रबड़	NNP	13	rd
7	की	का	PSP:का	6	lwg__psp
8	तरह	तरह	PSP:तरह	6	lwg__psp
9	खींचकर	खींच	VM	11	mod
10	दो	दो	QC	11	nmod__adj
11	घंटे	घंटा	NN	13	r6v
12	का	का	PSP:का	11	lwg__psp
13	कर	कर	VM	0	main
14	दिया	दे	VAUX	13	lwg__vaux
15	.	.	.	13	rsym

1	ये	यह	DEM	2	nmod__adj
2	कोशिश	कोशिश	NN	11	k1
3	खिचड़ी	खिचड़ी	NNP	11	k7p
4	में	में	PSP:में	3	lwg__psp
5	पड़ी	पड़ी	XC	6	pof__cn
6	मेवा	मेवा	NNP	11	k1
7	जैसा	जैसा	PSP:जैसा	6	lwg__psp
8	असर	असर	NN	11	k2
9	ही	ही	RP	8	lwg__rp
10	छोड़	छोड़	NNP	11	lwg__neg
11	पाती	पा	VAUX	0	main
12	है	है	VAUX	11	lwg__vaux
13	.	.	.	11	rsym

1	सरकार	सरकार	NN	13	k1
2	राज	राज	NN	13	k1
3	भी	भी	RP	2	lwg__rp
4	सरकार	सरकार	NN	9	r6
5	की	का	PSP:का	4	lwg__psp
6	एक	एक	QC	9	nmod__adj
7	बुरी	बुरी	JJ	9	nmod__adj
8	कार्बन	कार्बन	XC	9	mod
9	कॉपी	कॉपी	NN	13	k7
10	की	का	PSP:का	9	lwg__psp
11	तरह	तरह	NN	9	lwg__psp
12	ही	ही	RP	9	lwg__rp
13	है	है	VM	0	main
14	.	.	.	13	rsym

1	शादी	शादी	NN	2	mod
2	व्यक्ति	व्यक्ति	NN	5	r6
3	की	का	PSP:का	2	lwg__psp
4	निजी	निजी	JJ	5	nmod__adj
5	पहचान	पहचान	NN	7	r6
6	की	का	PSP:का	5	lwg__psp
7	हत्या	हत्या	NN	10	k7
8	के	का	PSP:का	7	lwg__psp
9	जैसा	जैसा	PSP:जैसा	7	lwg__psp
10	है	है	VM	0	main
11	.	.	.	10	rsym

1	उसकी	उसकी	PRP	2	r6
2	आंखे	आंखे	NN	0	main
3	छोटी	छोटी	JJ	6	ccof
4	,	,	,	3	rsym
5	काली	काली	JJ	6	ccof
6	और	और	CC:और	2	ccof
7	उत्सुकता	उत्सुकता	NN	6	ccof
8	से	से	PSP:से	7	lwg__psp
9	भरी	भर	VM	6	ccof
10	हुई	हो	VAUX	9	lwg__vaux
11	थीं	था	VAUX	9	lwg__vaux
12	जो	जो	PRP	20	k1
13	एक	एक	QC	15	nmod__adj
14	बेचैन	बेचैन	JJ	15	nmod__adj
15	मक्खी	मक्खी	NN	20	k1u
16	की	का	PSP:का	15	lwg__psp
17	तरह	तरह	PSP:तरह	15	lwg__psp
18	चारों	चार	QC	20	k7t
19	ओर	ओर	NST	18	lwg__psp
20	घूमती	घूम	VM	6	ccof
21	रहती	रह	VAUX	20	lwg__vaux
22	थीं	था	VAUX	20	lwg__vaux
23	.	.	.	20	rsym

1	एक	एक	QC	3	nmod__adj
2	सच्चे	सच्चा	JJ	3	nmod__adj
3	घुमक्कड़	घुमक्कड़	NN	0	main
4	की	का	PSP:का	3	lwg__psp
5	तरह	तरह	NN	3	lwg__psp
6	,	,	,	3	rsym
7	उसने	उसने	PRP	14	k1
8	दुनिया	दुनिया	NN	11	r6
9	के	का	PSP:का	8	lwg__psp
10	हर	हर	QF	11	nmod__adj
11	महाद्वीप	महाद्वीप	NN	13	r6-k2
12	की	का	PSP:का	11	lwg__psp
13	यात्रा	यात्रा	NN	14	pof
14	की	कर	VM	3	ccof
15	थी	था	VAUX	14	lwg__vaux
16	.	.	.	14	rsym

1	उसके	उसके	PRP	2	r6
2	कंधों	कंधा	NN	4	k2
3	से	से	PSP:से	2	lwg__psp
4	लेकर	ले	VM	17	vmod
5	कलाइयों	कलाई	NN	17	k7p
6	तक	तक	RP	5	lwg__rp
7	पर	पर	PSP:पर	5	lwg__psp
8	मौजूद	मौजूद	JJ	9	nmod__adj
9	मांसपेशियों	मांसपेशी	NN	11	r6
10	के	का	PSP:का	9	lwg__psp
11	उभार	उभार	NN	17	k1
12	किसी	किसी	PRP	14	nmod__adj
13	बलखाती	बलखाती	JJ	14	pof__cn
14	नदी	नदी	NN	17	k2u
15	जैसा	जैसा	PSP:जैसा	14	lwg__psp
16	आभास	आभास	NN	17	pof
17	देते	दे	VM	0	main
18	थे	था	VAUX	17	lwg__vaux
19	.	.	.	17	rsym

1	जिंदगी	जिंदगी	NN	11	k1
2	भी	भी	RP	1	lwg__rp
3	तो	तो	RP	1	lwg__rp
4	कुछ	कुछ	QF	6	nmod__adj
5	कुछ	कुछ	QF	6	nmod__adj
6	समंदर	समंदर	NN	8	r6
7	की	का	PSP:का	6	lwg__psp
8	लहरों	लहर	NN	10	r6-k2
9	की	का	PSP:का	8	lwg__psp
10	तरह	तरह	NN	11	adv
11	चलती	चल	VM	0	main
12	है	है	VAUX	11	lwg__vaux
13	.	.	.	11	rsym

1	कभी-कभी	कभी-कभी	NN	2	k1
2	हौले	हौले	VM	3	ccof
3	तो	तो	CC:तो	0	ROOT
4	कभी	कभी	PRP	0	ROOT
5	तेज	तेज	JJ	6	nmod__adj
6	थपेडे	थपेडे	NN	0	ROOT
7	दुख	दुख	NN	9	ccof
8	के	का	PSP:का	7	lwg__psp
9	और	और	CC:और	0	ROOT
10	झोंके	झोंका	NN	11	mod
11	सुख	सुख	NN	0	ROOT
12	के	का	PSP:का	11	lwg__psp
13	वैसे	वैसे	PRP	0	ROOT
14	ही	ही	RP	13	lwg__rp
15	जैसे	जैसे	RP	16	mod
16	ज्वार	ज्वार	NN	17	ccof
17	और	और	CC:और	0	ROOT
18	भाटे	भाटे	NN	17	ccof
19	.	.	.	18	rsym

1	वे	वह	PRP	2	k1
2	बताती	बता	VM	0	main
3	हैं	है	VAUX	2	lwg__vaux
4	कि	कि	CC:कि	2	k2
5	उन्होंने	उन्होंने	PRP	16	k1
6	अपनी	अपनी	PRP	7	r6
7	बहनों	बहन	NN	16	k7t
8	के	का	PSP:का	7	lwg__psp
9	साथ	साथ	NST	7	lwg__psp
10	ट्रेनों	ट्रेन	NN	16	k7p
11	में	में	PSP:में	10	lwg__psp
12	कई	कई	QF	14	nmod__adj
13	यादगार	यादगार	JJ	14	nmod__adj
14	यात्राएं	यात्रा	NN	16	r6v
15	की	का	PSP:का	14	lwg__psp
16	हैं	है	VM	17	ccof
17	और	और	CC:और	4	ccof
18	यही	यही	DEM	19	nmod__adj
19	यादें	याद	NN	24	k1
20	उन्हें	उन्हें	PRP	24	k4
21	रेल	रेल	NN	24	k7t
22	की	का	PSP:का	21	lwg__psp
23	तरफ	तरफ	NST	21	lwg__psp
24	खींचती	खींच	VM	17	ccof
25	हैं	है	VAUX	24	lwg__vaux
26	.	.	.	24	rsym

1	लगता	लग	VM	0	main
2	है	है	VAUX	1	lwg__vaux
3	कि	कि	CC:कि	1	k2
4	रेलवे	रेलवे	NN	15	k1
5	भी	भी	RP	4	lwg__rp
6	इस	इस	DEM	7	nmod__adj
7	बदलाव	बदलाव	NN	9	k2
8	को	को	PSP:को	7	lwg__psp
9	भांपकर	भांपकर	VM	11	vmod
10	उसे	उसे	PRP	11	k2
11	भुनाने	भुना	VM	15	vmod
12	के	का	PSP:का	11	lwg__psp
13	प्रति	प्रति	PSP:प्रति	11	lwg__psp
14	गंभीर	गंभीर	JJ	15	pof
15	है	है	VM	3	ccof
16	.	.	.	15	rsym

1	रेलवे	रेलवे	XC	2	mod
2	बोर्ड	बोर्ड	NN	13	k1
3	वर्तमान	वर्तमान	JJ	4	mod
4	ट्रेनों	ट्रेन	NN	13	k7p
5	में	में	PSP:में	4	lwg__psp
6	बेहतर	बेहतर	JJ	7	nmod__adj
7	सुविधाओं	सुविधा	NN	11	nmod
8	वाली	वाली	PSP:वाली	7	lwg__psp
9	वातानुकूलित	वातानुकूलित	JJ	11	nmod__adj
10	बोगियां	बोगियां	NN	11	mod
11	बढ़ाने	बढ़ाने	NN	13	r6v
12	की	का	PSP:का	11	lwg__psp
13	सोच	सोच	VM	16	ccof
14	रहा	रह	VAUX	13	lwg__vaux
15	है	है	VAUX	13	lwg__vaux
16	और	और	CC:और	0	main
17	यात्रियों	यात्री	NN	20	r6
18	की	का	PSP:का	17	lwg__psp
19	अतिरिक्त	अतिरिक्त	JJ	20	nmod__adj
20	संख्या	संख्या	NN	22	k2
21	को	को	PSP:को	20	lwg__psp
22	देखते	देख	VM	25	ccof
23	हुए	हो	VAUX	22	lwg__vaux
24	कुछ	कुछ	QF	25	ccof
25	और	और	CC:और	16	ccof
26	ट्रेनें	ट्रेन	NN	28	k2
27	भी	भी	RP	26	lwg__rp
28	चलाने	चला	VM	30	r6
29	की	का	PSP:का	28	lwg__psp
30	योजना	योजना	NN	31	pof
31	है	है	VM	25	ccof
32	.	.	.	31	rsym

1	टंडन	टंडन	NN	2	k1
2	कहते	कह	VM	0	ROOT
3	हैं	है	VAUX	2	lwg__vaux
4	,	,	,	2	rsym
5	कुछ	कुछ	QF	6	nmod__adj
6	समय	समय	NN	0	ROOT
7	पहले	पहले	NST	6	lwg__psp
8	हमने	हमने	PRP	0	ROOT
9	800	800	QC	11	nmod__adj
10	नई	नई	JJ	11	nmod__adj
11	बोगियां	बोगियां	NN	13	nmod
12	जोड़ी	जोड़ी	XC	13	mod
13	थीं	थीं	NNP	14	ccof
14	और	और	CC:और	0	ROOT
15	अगर	अगर	CC:अगर	14	ccof
16	मांग	मांग	NN	19	k1
17	बहुत	बहुत	INTF	19	k1s
18	ज्यादा	ज्यादा	QF	17	nmod__adj
19	रहती	रह	VM	15	ccof
20	है	है	VAUX	19	lwg__vaux
21	तो	तो	CC:तो	14	ccof
22	हम	हम	PRP	27	k1
23	इसमें	इसमें	PRP	27	k7
24	और	और	INTF	27	k2
25	भी	भी	RP	24	lwg__rp
26	बढ़ोतरी	बढ़ोतरी	JJ	27	pof
27	कर	कर	VM	21	ccof
28	सकते	सक	VAUX	27	lwg__vaux
29	हैं	है	VAUX	27	lwg__vaux
30	.	.	.	27	rsym

1	बांग्लादेश	बांग्लादेश	NNP	12	k7t
2	से	से	PSP:से	1	lwg__psp
3	लगी	लग	VM	4	mod
4	सीमा	सीमा	NN	6	r6
5	के	का	PSP:का	4	lwg__psp
6	आस-पास	आस-पास	NN	12	k1
7	ये	यह	DEM	8	nmod__adj
8	लेन-देन	लेन-देन	NN	11	r6
9	का	का	PSP:का	8	lwg__psp
10	नया	नया	JJ	11	nmod__adj
11	तरीका	तरीका	NN	12	k1s
12	बन	बन	VM	0	main
13	चुका	चुका	VAUX	12	lwg__vaux
14	है	है	VAUX	12	lwg__vaux
15	.	.	.	12	rsym

1	यहां	यहाँ	PRP	26	k7p
2	चाय	चाय	NN	4	r6
3	के	का	PSP:का	2	lwg__psp
4	बागानों	बागानों	NN	7	k7
5	में	में	PSP:में	4	lwg__psp
6	काम	काम	NN	7	k2
7	करने	कर	VM	9	nmod
8	वाले	वाला	PSP:वाला	7	lwg__psp
9	मजदूरों	मजदूर	NN	22	k2
10	को	को	PSP:को	9	lwg__psp
11	उनके	उनके	PRP	13	r6
12	मालिक	मालिक	JJ	13	nmod__adj
13	सिक्कों	सिक्का	NN	15	r6
14	की	का	PSP:का	13	lwg__psp
15	जगह	जगह	NN	22	pof
16	गत्ते	गत्ता	NN	18	k5
17	से	से	PSP:से	16	lwg__psp
18	बने	बन	VM	19	nmod__k1inv
19	टोकनों	टोकनों	NN	21	r6-k2
20	का	का	PSP:का	19	lwg__psp
21	उपयोग	उपयोग	NN	22	pof
22	करने	कर	VM	26	rt
23	के	का	PSP:का	22	lwg__psp
24	लिए	ले	PSP:ले	22	lwg__psp
25	प्रोत्साहित	प्रोत्साहित	JJ	26	pof
26	कर	कर	VM	0	main
27	रहे	रह	VAUX	26	lwg__vaux
28	हैं	है	VAUX	26	lwg__vaux
29	.	.	.	26	rsym

1	ये	यह	DEM	2	nmod__adj
2	टोकन	टोकन	NN	8	k1
3	कई	कई	QF	4	nmod__adj
4	आकारों	आकार	NN	5	ccof
5	और	और	CC:और	8	k7p
6	कीमतों	कीमत	NN	5	ccof
7	के	का	PSP:का	6	lwg__psp
8	होते	हो	VM	10	ccof
9	हैं	है	VAUX	8	lwg__vaux
10	और	और	CC:और	0	main
11	मजदूर	मजदूर	NN	24	k1
12	इनके	इनके	PRP	16	r6
13	जरिए	जरिये	XC	14	mod
14	कंपनी	कंपनी	NNP	16	r6
15	की	का	PSP:का	14	lwg__psp
16	कैंटीन	कैंटीन	NN	24	k7
17	में	में	PSP:में	16	lwg__psp
18	चाय-नाश्ते	चाय-नाश्ते	NN	21	r6
19	आदि	आदि	RP	18	lwg__rp
20	की	का	PSP:का	18	lwg__psp
21	कीमतों	कीमत	NN	23	r6-k2
22	का	का	PSP:का	21	lwg__psp
23	भुगतान	भुगतान	NN	24	pof
24	करते	कर	VM	10	ccof
25	हैं	है	VAUX	24	lwg__vaux
26	.	.	.	24	rsym

1	दरअसल	दरअसल	CC:दरअसल	0	main
2	चाय	चाय	NN	3	mod
3	बागानों	बागानों	NN	7	k2
4	को	को	PSP:को	3	lwg__psp
5	इलाके	इलाका	NN	7	k7p
6	में	में	PSP:में	5	lwg__psp
7	चल	चल	VM	9	nmod__k1inv
8	रही	रह	VAUX	7	lwg__vaux
9	सिक्कों	सिक्का	NN	12	r6
10	की	का	PSP:का	9	lwg__psp
11	भारी	भारी	JJ	12	nmod__adj
12	कमी	कमी	NN	18	rh
13	के	का	PSP:का	12	lwg__psp
14	चलते	चल	VM	12	lwg__psp
15	ऐसा	ऐसा	PRP	16	k2
16	करना	कर	VM	18	k1
17	पड़	पड़	NNP	18	k1
18	रहा	रह	VM	1	ccof
19	है	है	VAUX	18	lwg__vaux
20	.	.	.	18	rsym

1	और	और	CC:और	0	main
2	ये	यह	DEM	3	nmod__adj
3	कमी	कमी	NN	15	k1
4	भारतीय	भारतीय	JJ	5	nmod__adj
5	सिक्कों	सिक्का	NN	8	r6
6	के	का	PSP:का	5	lwg__psp
7	पड़ोसी	पड़ोसी	XC	8	mod
8	बांग्लादेश	बांग्लादेश	NNP	11	k7p
9	में	में	PSP:में	8	lwg__psp
10	तस्करी	तस्करी	NN	11	pof
11	होने	हो	VM	15	rh
12	के	का	PSP:का	11	lwg__psp
13	कारण	कारण	NN	11	lwg__psp
14	पैदा	पैदा	JJ	15	pof
15	हुई	हो	VM	1	ccof
16	है	है	VAUX	15	lwg__vaux
17	.	.	.	15	rsym

1	वहां	वहाँ	PRP	5	k7p
2	इन	इन	DEM	3	nmod__adj
3	सिक्कों	सिक्का	NN	5	k2
4	को	को	PSP:को	3	lwg__psp
5	पिघला	पिघला	VM	16	vmod
6	कर	कर	VAUX	5	lwg__vaux
7	इनसे	इनसे	PRP	16	vmod
8	ब्लेड	ब्लेड	NN	9	ccof
9	और	और	CC:और	16	k7
10	फाउंटेन	फाउंटेन	NN	11	mod
11	पेनों	पेनों	NN	9	ccof
12	के	का	PSP:का	11	lwg__psp
13	निब	निब	NN	16	k2
14	आदि	आदि	RP	13	lwg__rp
15	सामान	सामान	NN	16	k2
16	बनाए	बना	VM	0	main
17	जा	जा	VAUX	16	lwg__vaux
18	रहे	रह	VAUX	16	lwg__vaux
19	हैं	है	VAUX	16	lwg__vaux
20	.	.	.	16	rsym

1	ये	यह	PRP	5	k1
2	भी	भी	RP	1	lwg__rp
3	एक	एक	QC	4	nmod__adj
4	कारण	कारण	NN	5	k1s
5	था	था	VM	0	main
6	कि	कि	CC:कि	5	k2
7	पिछले	पिछला	JJ	8	nmod__adj
8	साल	साल	NN	20	k7t
9	रिजर्व	रिजर्व	XC	10	mod
10	बैंक	बैंक	NN	20	k4
11	को	को	PSP:को	10	lwg__psp
12	करीब	करीब	RB	20	adv
13	90	90	QC	16	nmod__adj
14	करोड़	करोड़	XC	16	mod
15	नए	नया	JJ	16	nmod__adj
16	सिक्के	सिक्का	NN	18	k2
17	जारी	जारी	JJ	18	pof
18	करने	कर	VM	20	k1
19	पड़े	पड़े	JJ	20	pof
20	थे	था	VM	6	ccof
21	.	.	.	20	rsym

1	मगर	मगर	CC:मगर	0	main
2	ऐसा	ऐसा	PRP	3	k1
3	होने	हो	VM	7	k7
4	की	का	PSP:का	3	lwg__psp
5	वजह	वजह	NN	3	lwg__psp
6	क्या	क्या	WQ	7	adv
7	है	है	VM	1	ccof
8	?	?	?	7	rsym
9	रिजर्व	रिजर्व	XC	10	mod
10	बैंक	बैंक	NN	13	r6
11	के	का	PSP:का	10	lwg__psp
12	कोलकाता	कोलकाता	NNP	13	mod
13	ऑफिस	ऑफिस	NN	23	ras-k1
14	के	का	PSP:का	13	lwg__psp
15	पास	पास	NST	13	lwg__psp
16	मौजूद	मौजूद	JJ	18	nmod__adj
17	मनी	मनी	XC	18	mod
18	चेंजर्स	चेंजर्स	NN	23	k1
19	उन	उन	DEM	20	nmod__adj
20	वजहों	वजह	NN	22	r6-k2
21	का	का	PSP:का	20	lwg__psp
22	खुलासा	खुलासा	NN	23	pof
23	करते	कर	VM	33	vmod
24	हैं	है	VAUX	23	lwg__vaux
25	जिससे	जो	PRP	33	rh
26	तस्करी	तस्करी	NN	29	r6
27	का	का	PSP:का	26	lwg__psp
28	ये	यह	DEM	29	nmod__adj
29	धंधा	धंधा	NN	33	k1
30	मुनाफे	मुनाफा	NN	32	r6
31	का	का	PSP:का	30	lwg__psp
32	सौदा	सौदा	NN	33	pof
33	बन	बन	VM	47	vmod
34	गया	गया	VAUX	33	lwg__vaux
35	है	है	VAUX	33	lwg__vaux
36	—	—	QC	40	nmod__adj
37	एक	एक	QC	38	nmod__adj
38	रूपए	रूपया	NN	40	r6
39	के	का	PSP:का	38	lwg__psp
40	सिक्के	सिक्का	NN	47	k3
41	से	से	PSP:से	40	lwg__psp
42	छह	छह	QC	43	ccof
43	या	या	CC:या	47	k2
44	सात	सात	QC	45	nmod__adj
45	ब्लेड	ब्लेड	NN	43	ccof
46	तक	तक	RP	45	lwg__rp
47	बनाए	बना	VM	57	nmod__k2inv
48	जा	जा	VAUX	47	lwg__vaux
49	सकते	सक	VAUX	47	lwg__vaux
50	है	है	VAUX	47	lwg__vaux
51	जिनकी	जो	PRP	57	rh
52	कीमत	कीमत	NN	57	k1
53	35	35	QC	55	nmod__adj
54	बांग्लादेशी	बांग्लादेशी	JJ	55	nmod__adj
55	टका	टका	NN	57	k1
56	तक	तक	RP	55	lwg__rp
57	होती	हो	VM	8	ccof
58	है	है	VAUX	57	lwg__vaux
59	.	.	.	57	rsym

1	रूपए	रूपया	NN	2	ccof
2	और	और	CC:और	12	k1
3	टका	टका	NN	2	ccof
4	के	का	PSP:का	3	lwg__psp
5	बीच	बीच	NST	3	lwg__psp
6	विनिमय	विनिमय	NN	8	r6
7	की	का	PSP:का	6	lwg__psp
8	दर	दर	NN	12	k1
9	1	1	QC	12	mod
10	:	:	:	12	lwg__rp
11	1.6	1.6	QC	12	k1s
12	है	है	VM	16	nmod__relc
13	,	,	,	12	rsym
14	इस	इस	DEM	16	k5
15	से	से	PSP:से	14	lwg__psp
16	देखा	देख	VM	18	ccof
17	जाये	जा	VAUX	16	lwg__vaux
18	तो	तो	CC:तो	0	main
19	ये	यह	DEM	29	k1
20	बीस	बीस	QC	25	nmod
21	गुना	गुना	QF	20	nmod__adj
22	से	से	PSP:से	25	lwg__psp
23	भी	भी	RP	25	lwg__rp
24	ज्यादा	ज्यादा	QF	25	nmod__adj
25	मुनाफा	मुनाफा	NN	26	pof
26	देने	दे	VM	28	nmod__k1inv
27	वाला	वाला	PSP:वाला	26	lwg__psp
28	धंधा	धंधा	NN	29	k1
29	है	है	VM	18	ccof
30	.	.	.	29	rsym

1	भारत	भारत	NNP	22	k7p
2	में	में	PSP:में	1	lwg__psp
3	एक	एक	QC	4	nmod__adj
4	रूपए	रूपया	XC	8	ccof
5	,	,	,	4	rsym
6	दो	दो	QC	7	nmod__adj
7	रूपए	रूपया	NN	8	ccof
8	और	और	CC:और	22	k1
9	पांच	पांच	QC	10	nmod__adj
10	रूपए	रूपया	NN	8	ccof
11	के	का	PSP:का	10	lwg__psp
12	सिक्कों	सिक्का	NN	22	vmod
13	के	का	PSP:का	12	lwg__psp
14	अलावा	अलावा	PSP:?	12	lwg__psp
15	25	25	QC	18	nmod__adj
16	और	और	CC:और	18	nmod__adj
17	50	50	QC	18	nmod__adj
18	पैसे	पैसा	NN	20	r6
19	के	का	PSP:का	18	lwg__psp
20	सिक्के	सिक्का	NN	22	k1
21	भी	भी	RP	20	lwg__rp
22	चलते	चल	VM	0	main
23	हैं	है	VAUX	22	lwg__vaux
24	.	.	.	22	rsym

1	फिलहाल	फिलहाल	RB	16	sent-adv
2	दो	दो	QC	5	nmod__adj
3	और	और	CC:और	5	nmod__adj
4	पांच	पांच	QC	5	nmod__adj
5	रूपए	रूपया	NN	7	r6
6	के	का	PSP:का	5	lwg__psp
7	सिक्कों	सिक्का	NN	16	k7
8	में	में	PSP:में	7	lwg__psp
9	75	75	QC	10	nmod__adj
10	प्रतिशत	प्रतिशत	NN	11	nmod
11	तांबा	तांबा	NN	12	ccof
12	और	और	CC:और	16	k1
13	25	25	QC	14	nmod__adj
14	प्रतिशत	प्रतिशत	NN	12	ccof
15	निकिल	निकिल	NN	16	pof
16	होती	हो	VM	0	main
17	है	है	VAUX	16	lwg__vaux
18	.	.	.	16	rsym

1	जबकि	जबकि	CC:जबकि	0	main
2	एक	एक	QC	3	nmod__adj
3	रूपया	रूपया	NN	13	k7t
4	,	,	,	3	rsym
5	50	50	QC	8	nmod__adj
6	और	और	CC:और	8	nmod__adj
7	25	25	QC	8	nmod__adj
8	पैसे	पैसा	NN	10	r6
9	का	का	PSP:का	8	lwg__psp
10	सिक्का	सिक्का	NN	13	k1
11	स्टील	स्टील	NN	13	k5
12	से	से	PSP:से	11	lwg__psp
13	बनता	बन	VM	1	ccof
14	है	है	VAUX	13	lwg__vaux
15	.	.	.	13	rsym

1	एक	एक	QC	3	nmod__adj
2	किलोग्राम	किलोग्राम	NN	3	mod
3	सिक्के	सिक्का	NN	6	r6
4	का	का	PSP:का	3	lwg__psp
5	बाज़ार	बाज़ार	NN	6	mod
6	मूल्य	मूल्य	NN	18	k1
7	जहां	जहाँ	PRP	18	k7p
8	अलग-अलग	अलग-अलग	JJ	9	nmod__adj
9	सिक्कों	सिक्का	NN	18	rt
10	के	का	PSP:का	9	lwg__psp
11	लिए	ले	PSP:ले	9	lwg__psp
12	333	333	QC	13	nmod__adj
13	रूपए	रूपया	NN	18	rh
14	से	से	PSP:से	13	lwg__psp
15	555	555	QC	16	nmod__adj
16	रूपए	रूपया	NN	18	k1
17	तक	तक	RP	16	lwg__rp
18	होता	हो	VM	20	nmod__relc
19	है	है	VAUX	18	lwg__vaux
20	वहीं	वहीं	PRP	0	main
21	इन्हें	इन्हें	PRP	23	k2
22	पिघला	पिघला	VM	23	pof
23	कर	कर	VAUX	20	ccof
24	बनाई	बना	VM	23	lwg__vaux
25	गई	गई	VAUX	23	lwg__vaux
26	धातु	धातु	NN	28	r6
27	की	का	PSP:का	26	lwg__psp
28	कीमत	कीमत	NN	32	k1
29	200	200	QC	30	nmod__adj
30	रूपए	रूपया	NN	32	k1
31	तक	तक	RP	30	lwg__rp
32	होती	हो	VM	23	vmod
33	है	है	VAUX	32	lwg__vaux
34	.	.	.	32	rsym

1	यहां	यहाँ	PRP	7	k7p
2	ये	यह	DEM	3	nmod__adj
3	बात	बात	NN	7	k1
4	गौर	गौर	NN	5	pof
5	करने	कर	VM	7	k1
6	लायक	लायक	JJ	7	k1s
7	है	है	VM	0	main
8	कि	कि	CC:कि	0	ROOT
9	सिक्कों	सिक्का	NN	13	k1
10	की	का	PSP:का	9	lwg__psp
11	जो	जो	PRP	13	k1
12	कीमत	कीमत	NN	13	pof
13	होती	हो	VM	26	vmod
14	है	है	VAUX	13	lwg__vaux
15	उसके	उसके	PRP	19	k7
16	मुकाबले	मुकाबला	JJ	15	lwg__psp
17	इनमें	इनमें	PRP	18	r6-k2
18	इस्तेमाल	इस्तेमाल	NN	19	pof
19	की	कर	VM	21	nmod__k2inv
20	गई	गई	VAUX	19	lwg__vaux
21	धातु	धातु	NN	23	r6
22	की	का	PSP:का	21	lwg__psp
23	कीमत	कीमत	NN	26	k1
24	कहीं	कहीं	PRP	26	k7t
25	ज्यादा	ज्यादा	QF	26	pof
26	होती	हो	VM	8	ccof
27	है	है	VAUX	26	lwg__vaux
28	.	.	.	26	rsym

1	सिक्कों	सिक्का	NN	4	r6
2	की	का	PSP:का	1	lwg__psp
3	अवैध	अवैध	JJ	4	nmod__adj
4	तस्करी	तस्करी	NN	9	k7p
5	में	में	PSP:में	4	lwg__psp
6	शामिल	शामिल	JJ	7	nmod__adj
7	लोगों	लोग	NN	9	r6
8	की	का	PSP:का	7	lwg__psp
9	माने	मान	VM	0	ROOT
10	तो	तो	CC:तो	0	ROOT
11	एक	एक	QC	13	nmod__adj
12	किलोग्राम	किलोग्राम	NN	13	mod
13	सिक्के	सिक्का	NN	16	r6
14	का	का	PSP:का	13	lwg__psp
15	बाज़ार	बाज़ार	NN	16	mod
16	मूल्य	मूल्य	NN	28	k1
17	जहां	जहाँ	PRP	28	k7p
18	अलग-अलग	अलग-अलग	JJ	19	nmod__adj
19	सिक्कों	सिक्का	NN	28	rt
20	के	का	PSP:का	19	lwg__psp
21	लिए	ले	PSP:ले	19	lwg__psp
22	333	333	QC	23	nmod__adj
23	रूपए	रूपया	NN	28	rh
24	से	से	PSP:से	23	lwg__psp
25	555	555	QC	26	nmod__adj
26	रूपए	रूपया	NN	28	k1
27	तक	तक	RP	26	lwg__rp
28	होता	हो	VM	30	nmod__relc
29	है	है	VAUX	28	lwg__vaux
30	वहीं	वहीं	PRP	10	ccof
31	इन्हें	इन्हें	PRP	33	k2
32	पिघला	पिघला	VM	33	pof
33	कर	कर	VAUX	30	ccof
34	बनाई	बना	VM	33	lwg__vaux
35	गई	गई	VAUX	33	lwg__vaux
36	धातु	धातु	NN	38	r6
37	की	का	PSP:का	36	lwg__psp
38	कीमत	कीमत	NN	42	k1
39	2,500	2,500	QC	40	nmod__adj
40	रूपए	रूपया	NN	42	k1
41	तक	तक	RP	40	lwg__rp
42	होती	हो	VM	33	vmod
43	है	है	VAUX	42	lwg__vaux
44	.	.	.	42	rsym

1	पिछले	पिछला	JJ	2	nmod__adj
2	साल	साल	NN	9	k7t
3	व्यापारियों	व्यापारी	NN	9	k1
4	द्वारा	द्वारा	PSP:द्वारा	3	lwg__psp
5	सिक्के	सिक्का	NN	6	mod
6	गलाने	गलाने	NN	8	r6
7	की	का	PSP:का	6	lwg__psp
8	ख़बर	ख़बर	NN	9	k1
9	मिलने	मिल	VM	30	k7t
10	के	का	PSP:का	9	lwg__psp
11	बाद	बाद	NST	9	lwg__nst
12	हमने	हमने	PRP	30	k1
13	कुछ	कुछ	QF	14	nmod__adj
14	गिरफ्तारियां	गिरफ्तारियां	NN	30	vmod
15	की	का	PSP:का	14	lwg__psp
16	थी	था	VM	14	lwg__psp
17	ये	यह	DEM	19	nmod__adj
18	काफी	काफी	QF	19	nmod__adj
19	मुनाफे	मुनाफा	NN	21	r6
20	का	का	PSP:का	19	lwg__psp
21	धंधा	धंधा	NN	22	pof
22	है	है	VM	30	k1
23	कोलकाता	कोलकाता	NNP	26	pof__cn
24	पुलिस	पुलिस	NN	26	r6
25	के	का	PSP:का	24	lwg__psp
26	मंडल	मंडल	NN	30	k1
27	उपायुक्त	उपायुक्त	JJ	29	nmod__adj
28	जावेद	जावेद	NN	29	mod
29	शमीम	शमीम	NN	30	k1
30	कहते	कह	VM	0	main
31	हैं	है	VAUX	30	lwg__vaux
32	.	.	.	30	rsym

1	शमीम	शमीम	NN	3	k7t
2	आगे	आगा	NST	1	lwg__psp
3	बताते	बता	VM	17	ccof
4	हैं	है	VAUX	3	lwg__vaux
5	,	,	,	3	rsym
6	पहले	पहले	NST	7	k7t
7	तस्कर	तस्कर	VM	17	ccof
8	,	,	,	7	rsym
9	सिक्कों	सिक्का	NN	12	k2
10	को	को	PSP:को	9	lwg__psp
11	सीमापार	सीमापार	NN	12	pof
12	ले	ले	VM	14	vmod
13	जाकर	जा	VAUX	12	lwg__vaux
14	पिघला	पिघला	VM	17	ccof
15	देते	दे	VAUX	14	lwg__vaux
16	थे	था	VAUX	14	lwg__vaux
17	लेकिन	लेकिन	CC:लेकिन	0	main
18	,	,	,	17	rsym
19	अब	अब	PRP	28	k7t
20	कुछ	कुछ	QF	21	nmod__adj
21	दुकानदारों	दुकानदार	NN	28	k1
22	ने	ने	PSP:ने	21	lwg__psp
23	खुद	खुद	PRP	28	k7p
24	ही	ही	RP	23	lwg__rp
25	ऐसा	ऐसा	PRP	26	k2
26	करना	कर	VM	28	k2
27	शुरू	शुरू	NN	28	pof
28	कर	कर	VM	17	ccof
29	दिया	दे	VAUX	28	lwg__vaux
30	है	है	VAUX	28	lwg__vaux
31	.	.	.	28	rsym

1	जिन्दगी	जिंदगी	NN	7	k1
2	भी	भी	RP	1	lwg__rp
3	तोह	तोह	NN	4	mod
4	रेत	रेत	NN	7	k7
5	की	का	PSP:का	4	lwg__psp
6	तरह	तरह	NN	4	lwg__psp
7	है	है	VM	0	main
8	.	.	.	7	rsym

1	और	और	CC:और	0	main
2	तभी	तभी	PRP	3	r6
3	डॉक्टर	डॉक्टर	NN	5	k1
4	ने	ने	PSP:ने	3	lwg__psp
5	कहा	कह	VM	1	ccof
6	कि	कि	CC:कि	5	k2
7	आप	आप	PRP	9	r6
8	के	का	PSP:का	7	lwg__psp
9	पेट	पेट	NN	15	k7
10	में	में	PSP:में	9	lwg__psp
11	एक	एक	QC	12	nmod__adj
12	मास	मास	NN	14	r6
13	का	का	PSP:का	12	lwg__psp
14	टुकडा	टुकडा	NN	15	k1s
15	है	है	VM	6	ccof
16	जिसका	जो	PRP	17	r6
17	आकार	आकार	NN	22	k1
18	एक	एक	QC	19	nmod__adj
19	गेंद	गेंद	NN	21	r6
20	की	का	PSP:का	19	lwg__psp
21	तरह	तरह	NN	22	adv
22	है	है	VM	0	ROOT
23	.	.	.	22	rsym

1	एक	एक	QC	3	nmod__adj
2	आम	आम	JJ	3	nmod__adj
3	आदमी	आदमी	NN	0	ROOT
4	की	का	PSP:का	3	lwg__psp
5	तरह	तरह	PSP:तरह	3	lwg__psp
6	अपनी	अपनी	PRP	9	k7t
7	ज़िन्दगी	ज़िन्दगी	NNP	9	k2
8	व्यतीत	व्यतीत	JJ	9	pof
9	कर	कर	VM	0	ROOT
10	रहा	रह	VAUX	9	lwg__vaux
11	था	था	VAUX	9	lwg__vaux
12	.	.	.	9	rsym

1	मेरा	मेरा	PRP	7	k1
2	कुत्ता	कुत्ता	NN	3	mod
3	पंख	पंख	NN	7	k1u
4	की	का	PSP:का	3	lwg__psp
5	तरह	तरह	PSP:तरह	3	lwg__psp
6	हल्का	हल्का	JJ	7	k1s
7	है	है	VM	0	main
8	.	.	.	7	rsym

1	वे	वह	PRP	8	k1
2	रात	रात	NN	3	ccof
3	और	और	CC:और	8	k1
4	दिन	दिन	NN	3	ccof
5	के	का	PSP:का	4	lwg__psp
6	समान	समान	PSP:?	4	lwg__psp
7	भिन्न	भिन्न	JJ	8	k1s
8	हैं	है	VM	0	main
9	.	.	.	8	rsym

1	मेरी	मेरी	PRP	2	r6
2	जिन्दगी	जिंदगी	NN	6	k1
3	एक	एक	QC	4	nmod__adj
4	पतंग	पतंग	NN	6	k1s
5	जैसी	जैसी	PSP:जैसी	4	lwg__psp
6	है	है	VM	0	main
7	.	.	.	6	rsym

1	प्यार	प्यार	NN	6	k1
2	एक	एक	QC	3	nmod__adj
3	डोर	डोर	NN	6	k7
4	की	का	PSP:का	3	lwg__psp
5	तरह	तरह	NN	3	lwg__psp
6	होता	हो	VM	11	nmod__relc
7	है	है	VAUX	6	lwg__vaux
8	,	,	,	6	rsym
9	एक	एक	QC	10	nmod__adj
10	बार	बार	RP	11	k7t
11	टूट	टूट	VM	14	vmod
12	जाए	जा	VAUX	11	lwg__vaux
13	तोह	तोह	NN	14	k1
14	जुड	जुड	VM	0	main
15	नहीं	नहीं	NEG	14	lwg__neg
16	पाता	पा	VAUX	14	lwg__vaux
17	.	.	.	14	rsym

1	वह	वह	PRP	5	k1
2	जलेबी	जलेबी	NN	5	k1u
3	जैसी	जैसी	PSP:जैसी	2	lwg__psp
4	मीठी	मीठी	JJ	5	k1s
5	है	है	VM	0	main
6	.	.	.	5	rsym

1	ऐसी	ऐसी	DEM	2	nmod__adj
2	हिंदी	हिंदी	NN	3	k2
3	बोली	बोल	VM	0	ROOT
4	गई	गई	VAUX	3	lwg__vaux
5	है	है	VAUX	3	lwg__vaux
6	जैसी	जैसी	PSP:जैसी	3	lwg__psp
7	राजस्थान	राजस्थान	NNP	10	r6
8	के	का	PSP:का	7	lwg__psp
9	किसी	किसी	PRP	10	nmod__adj
10	कस्बे	कस्बा	NN	12	k7p
11	में	में	PSP:में	10	lwg__psp
12	बोली	बोल	VM	0	ROOT
13	जाती	जा	VAUX	12	lwg__vaux
14	है	है	VAUX	12	lwg__vaux
15	.	.	.	12	rsym

1	अतीत	अतीत	NN	0	ROOT
2	उनसे	उनसे	PRP	0	ROOT
3	किसी	किसी	PRP	4	nmod__adj
4	जोंक	जोंक	NN	7	k1u
5	की	का	PSP:का	4	lwg__psp
6	तरह	तरह	PSP:तरह	4	lwg__psp
7	चिपका	चिपका	VM	0	ROOT
8	हुआ	हो	VAUX	7	lwg__vaux
9	है	है	VAUX	7	lwg__vaux
10	.	.	.	7	rsym

1	ये	यह	DEM	2	nmod__adj
2	फिल्म	फिल्म	NN	10	k1
3	कई	कई	QF	4	nmod__adj
4	मायनों	मायनों	NN	10	k7
5	में	में	PSP:में	4	lwg__psp
6	उनके	उनके	PRP	10	rt
7	लिए	ले	PSP:ले	6	lwg__psp
8	कायाकल्प	कायाकल्प	NN	10	k1s
9	जैसी	जैसी	PSP:जैसी	8	lwg__psp
10	थी	था	VM	0	main
11	.	.	.	10	rsym

1	जैसे	जैसे	PSP:जैसे	0	ROOT
2	वीर	वीर	JJ	3	mod
3	कर्म	कर्म	NN	0	ROOT
4	से	से	PSP:से	3	lwg__psp
5	प़्अथक	प़्अथक	JJ	6	nmod__adj
6	वीरत्व	वीरत्व	NN	0	ROOT
7	कोई	कोई	PRP	8	nmod__adj
8	पदार्थ	पदार्थ	NN	0	ROOT
9	नहीं	नहीं	NEG	0	ROOT
10	वैसे	वैसे	PRP	0	ROOT
11	ही	ही	RP	10	lwg__rp
12	सुन्दर	सुन्दर	JJ	13	nmod__adj
13	वस्तु	वस्तु	NN	0	ROOT
14	से	से	PSP:से	13	lwg__psp
15	प़्अथक	प़्अथक	JJ	16	nmod__adj
16	सौन्दर्य	सौंदर्य	NN	0	ROOT
17	कोई	कोई	PRP	18	nmod__adj
18	पदार्थ	पदार्थ	NN	0	ROOT
19	नहीं	नहीं	NEG	0	ROOT
20	.	.	.	19	rsym

1	जैसे	जैसे	RDP	2	mod
2	मनुष्यो	मनुष्यो	NN	8	k7t
3	से	से	PSP:से	2	lwg__psp
4	बाहर	बाहर	NST	2	lwg__psp
5	मनुष्यता	मनुष्यता	NN	7	r6
6	की	का	PSP:का	5	lwg__psp
7	सत्तानही	सत्तानही	JJ	8	k1s
8	है	है	VM	18	k1
9	वैसे	वैसे	PRP	18	sent-adv
10	ही	ही	RP	9	lwg__rp
11	सुन्दर	सुन्दर	JJ	12	nmod__adj
12	वस्तुओं	वस्तु	NN	18	rh
13	से	से	PSP:से	12	lwg__psp
14	बाहरसौन्दर्य	बाहरसौन्दर्य	NN	16	r6
15	की	का	PSP:का	14	lwg__psp
16	सत्ता	सत्ता	NN	18	k1
17	नही	नही	NEG	18	lwg__neg
18	है	है	VM	0	main
19	.	.	.	18	rsym

1	क्रोध-परिणाम	क्रोध-परिणाम	NN	3	r6
2	की	का	PSP:का	1	lwg__psp
3	सामान्य-व्यवस्था	सामान्य-व्यवस्था	NN	10	k7t
4	के	का	PSP:का	3	lwg__psp
5	बाद	बाद	NST	3	lwg__psp
6	भोला	भोला	NN	10	k1
7	विशेष	विशेष	JJ	8	nmod__adj
8	उदाहरण	उदाहरण	NN	10	k2
9	अपना	अपना	PRP	10	k1s
10	दे	दे	VM	0	ROOT
11	रहा	रह	VAUX	10	lwg__vaux
12	हे	हे	VAUX	10	lwg__vaux
13	जैसे	जैसे	CC:जैसे	10	lwg__psp
14	गणित	गणित	NN	16	r6
15	के	का	PSP:का	14	lwg__psp
16	नियमों	नियम	NN	18	r6-k2
17	का	का	PSP:का	16	lwg__psp
18	उल्लेख	उल्लेख	NN	19	pof
19	कर	कर	VM	24	vmod
20	छात्र	छात्र	NN	24	k2
21	एक	एक	QC	22	nmod__adj
22	उदाहरण	उदाहरण	NN	24	k2
23	भी	भी	RP	22	lwg__rp
24	देदेता	देदेता	VM	0	ROOT
25	है	है	VAUX	24	lwg__vaux
26	.	.	.	24	rsym

1	वह	वह	PRP	9	k1
2	इसी	इसी	DEM	3	nmod__adj
3	बात	बात	NN	9	rd
4	की	का	PSP:का	3	lwg__psp
5	ओर	ओर	PSP:ओर	3	lwg__psp
6	बार	बार	RP	7	nmod__adj
7	बार	बार	RP	9	adv
8	इशारा	इशारा	NN	9	pof
9	करती	कर	VM	0	ROOT
10	हैं	है	VAUX	9	lwg__vaux
11	,	,	,	9	rsym
12	कि	कि	CC:कि	0	ROOT
13	संगीत	संगीत	NN	15	r6v
14	के	का	PSP:का	13	lwg__psp
15	मींड	मींड	VM	17	ccof
16	,	,	,	15	rsym
17	व	व	CC:व	0	ROOT
18	तान	तान	NN	20	r6
19	की	का	PSP:का	18	lwg__psp
20	तरह	तरह	NN	0	ROOT
21	ही	ही	RP	20	lwg__rp
22	,	,	,	20	rsym
23	उनके	उनके	PRP	24	r6
24	जीवन	जीवन	NN	0	ROOT
25	में	में	PSP:में	24	lwg__psp
26	कला	कला	NN	27	ccof
27	और	और	CC:और	0	ROOT
28	रस	रस	NN	27	ccof
29	,	,	,	28	rsym
30	एक	एक	QC	31	nmod__adj
31	सुर	सुर	NN	38	rh
32	से	से	PSP:से	31	lwg__psp
33	दूसरे	दूसरा	JJ	34	nmod__adj
34	सुर	सुर	NN	38	k2u
35	तक	तक	RP	34	lwg__rp
36	,	,	,	34	rsym
37	बिना	बिन	NEG	38	vmod
38	टूटे	टूट	VM	27	ccof
39	हुए	हो	VAUX	38	lwg__vaux
40	पहुंचे	पहुंचे	VAUX	38	lwg__vaux
41	हैं	है	VAUX	38	lwg__vaux
42	.	.	.	38	rsym

1	एक	एक	QC	2	nmod__adj
2	हद	हद	NN	0	ROOT
3	तक	तक	RP	2	lwg__rp
4	,	,	,	2	rsym
5	काव्य	काव्य	JJ	6	nmod__adj
6	रूढि	रूढि	NN	8	r6
7	की	का	PSP:का	6	lwg__psp
8	तरह	तरह	NN	0	ROOT
9	,	,	,	8	rsym
10	जिस	जो	DEM	11	nmod__adj
11	साहित्यशास्त्र	साहित्यशास्त्र	NN	0	ROOT
12	में	में	PSP:में	11	lwg__psp
13	,	,	,	11	rsym
14	हम	हम	PRP	20	k1
15	मोटिफ	मोटिफ	NN	17	r6
16	के	का	PSP:का	15	lwg__psp
17	तौर	तौर	NN	20	adv
18	पर	पर	PSP:पर	17	lwg__psp
19	,	,	,	17	rsym
20	जानते	जान	VM	0	ROOT
21	हैं	है	VAUX	20	lwg__vaux
22	.	.	.	20	rsym

1	ठीक	ठीक	JJ	2	nmod__adj
2	मनुष्यों	मनुष्य	NN	4	r6
3	की	का	PSP:का	2	lwg__psp
4	सभ्यता	सभ्यता	NN	6	r6
5	के	का	PSP:का	4	lwg__psp
6	इतिहास	इतिहास	NN	9	r6
7	के	का	PSP:का	6	lwg__psp
8	किसी	किसी	PRP	9	nmod__adj
9	खण्ड	खंड	NN	12	k7
10	की	का	PSP:का	9	lwg__psp
11	तरह	तरह	NN	9	lwg__psp
12	है	है	VM	0	main
13	.	.	.	12	rsym

1	ये	यह	DEM	2	nmod__adj
2	शाखाएं	शाखा	NN	0	ROOT
3	,	,	,	2	rsym
4	किसी	किसी	PRP	6	nmod__adj
5	सुरक्षित	सुरक्षित	JJ	6	nmod__adj
6	मोहल्ले	मोहल्ला	NN	8	r6
7	की	का	PSP:का	6	lwg__psp
8	गलियां	गलियां	NN	0	ROOT
9	जैसी	जैसी	PSP:जैसी	8	lwg__psp
10	नहीं	नहीं	NEG	0	ROOT
11	,	,	,	10	rsym
12	खतरनाक	खतरनाक	JJ	13	nmod__adj
13	डंडों	डंडा	NN	15	k1
14	जैसी	जैसी	PSP:जैसी	13	lwg__psp
15	लग	लग	VM	10	ccof
16	रही	रह	VAUX	15	lwg__vaux
17	है	है	VAUX	15	lwg__vaux
18	.	.	.	15	rsym

1	अंबर	अंबर	NN	3	k2
2	को	को	PSP:को	1	lwg__psp
3	लगा	लगा	VM	11	vmod
4	जैसे	जैसे	RP	3	lwg__rp
5	,	,	,	3	rsym
6	आसमान	आसमान	NN	11	k5
7	से	से	PSP:से	6	lwg__psp
8	चारों	चार	QC	10	nmod__adj
9	खाने	खाना	NN	10	pof__cn
10	चित्त	चित्त	NN	11	k2
11	गिर	गिर	VM	0	ROOT
12	गया	गया	VAUX	11	lwg__vaux
13	हो	हो	VAUX	11	lwg__vaux
14	धरती	धरती	NN	0	ROOT
15	पर	पर	PSP:पर	14	lwg__psp
16	.	.	.	14	rsym

1	अंबर	अंबर	NN	5	k1
2	आपे	आपा	PRP	5	k5
3	से	से	PSP:से	2	lwg__psp
4	बाहर	बाहर	NST	5	pof
5	हो	हो	VM	8	ccof
6	गया	गया	VAUX	5	lwg__vaux
7	,	,	,	5	rsym
8	और	और	CC:और	0	ROOT
9	चट्टान	चट्टान	NN	0	ROOT
10	जैसी	जैसी	PSP:जैसी	9	lwg__psp
11	कठोरता	कठोरता	NN	0	ROOT
12	,	,	,	11	rsym
13	उसके	उसके	PRP	14	r6
14	चेहरे	चेहरा	NN	16	k7
15	पर	पर	PSP:पर	14	lwg__psp
16	उतर	उतर	VM	0	ROOT
17	आयी	आ	VAUX	16	lwg__vaux
18	.	.	.	16	rsym

1	उनकी	उनकी	PRP	2	r6
2	शक्ल	शक्ल	NN	12	k1
3	वैसे	वैसे	PRP	12	sent-adv
4	ही	ही	RP	3	lwg__rp
5	,	,	,	3	rsym
6	गिजगिजी	गिजगिजी	NNP	8	mod
7	लाल	लाल	JJ	8	pof__cn
8	केंचुओं	केंचुओं	NN	12	k7
9	जैसी	जैसी	PSP:जैसी	8	lwg__psp
10	,	,	,	8	rsym
11	झुर्रीदार	झुर्रीदार	JJ	12	k1s
12	थी	था	VM	0	main
13	.	.	.	12	rsym

1	उसका	उसका	PRP	3	r6
2	चर्म	चर्म	NN	3	pof__cn
3	इस्पात	इस्पात	NN	6	k1
4	जैसा	जैसा	PSP:जैसा	3	lwg__psp
5	कठोर	कठोर	JJ	6	k1s
6	था	था	VM	0	main
7	.	.	.	6	rsym

1	अपने	अपना	PRP	2	r6
2	सिद्धांतों	सिद्धांतों	NN	4	r6
3	की	का	PSP:का	2	lwg__psp
4	रक्षा	रक्षा	NN	9	vmod
5	की	का	PSP:का	4	lwg__psp
6	खातिर	खातिर	PSP:?	4	lwg__psp
7	उन्होंने	उन्होंने	PRP	9	k1
8	त्यागपत्र	त्यागपत्र	NN	9	k2
9	दे	दे	VM	13	nmod__relc
10	दिया	दे	VAUX	9	lwg__vaux
11	,	,	,	9	rsym
12	गिरफ्तार	गिरफ्तार	VM	13	pof
13	हुए	हो	VAUX	14	ccof
14	और	और	CC:और	0	main
15	मौत	मौत	NN	18	k2
16	को	को	PSP:को	15	lwg__psp
17	गले	गला	NN	18	pof
18	लगा	लगा	VM	14	ccof
19	लिया	ले	VAUX	18	lwg__vaux
20	.	.	.	18	rsym

1	वर्तमान	वर्तमान	NN	5	mod
2	लोकसभा	लोकसभा	XC	5	mod
3	अध्यक्ष	अध्यक्ष	NN	5	pof__cn
4	सोमनाथ	सोमनाथ	XC	5	pof__cn
5	चटर्जी	चटर्जी	NNP	13	k1
6	ने	ने	PSP:ने	5	lwg__psp
7	पिछले	पिछला	JJ	9	nmod__adj
8	कुछ	कुछ	QF	9	nmod__adj
9	दिनों	दिन	NN	13	k7t
10	में	में	PSP:में	9	lwg__psp
11	जो	जो	PRP	13	k1
12	कुछ	कुछ	QF	13	k2
13	किया	कर	VM	23	vmod
14	है	है	VAUX	13	lwg__vaux
15	सिद्धांतों	सिद्धांतों	NN	17	r6
16	के	का	PSP:का	15	lwg__psp
17	लिहाज	लिहाज	NN	23	rh
18	से	से	PSP:से	17	lwg__psp
19	कुछ-कुछ	कुछ-कुछ	JJ	20	nmod__adj
20	मोर	मोर	NN	22	r6-k2
21	की	का	PSP:का	20	lwg__psp
22	याद	याद	NN	23	pof
23	दिला	दिला	VM	0	main
24	देता	दे	VAUX	23	lwg__vaux
25	है	है	VAUX	23	lwg__vaux
26	.	.	.	23	rsym

1	चुनौती	चुनौती	NN	2	pof
2	देना	दे	VM	10	vmod
3	शुरुआत	शुरुआत	NN	10	k7
4	से	से	PSP:से	3	lwg__psp
5	ही	ही	RP	3	lwg__rp
6	उनके	उनके	PRP	7	r6
7	चरित्र	चरित्र	NN	9	r6
8	का	का	PSP:का	7	lwg__psp
9	हिस्सा	हिस्सा	NN	10	pof
10	रहा	रह	VM	0	main
11	है	है	VAUX	10	lwg__vaux
12	.	.	.	10	rsym

1	उनके	उनके	PRP	2	r6
2	पिता	पिता	NN	15	k1
3	निर्मलचंद्र	निर्मलचंद्र	XC	9	ccof
4	,	,	,	3	rsym
5	हिंदू	हिंदू	XC	6	mod
6	महासभा	महासभा	NNP	8	r6
7	के	का	PSP:का	6	lwg__psp
8	अध्यक्ष	अध्यक्ष	NN	9	ccof
9	और	और	CC:और	15	k1
10	श्यामा	श्यामा	XC	12	mod
11	प्रसाद	प्रसाद	XC	12	mod
12	मुखर्जी	मुखर्जी	NNP	9	ccof
13	के	का	PSP:का	12	lwg__psp
14	विश्वस्त	विश्वस्त	JJ	15	pof
15	थे	था	VM	0	main
16	.	.	.	15	rsym

1	इस	इस	DEM	3	nmod__adj
2	पारिवारिक	पारिवारिक	JJ	3	nmod__adj
3	विरासत	विरासत	NN	14	vmod
4	के	का	PSP:का	3	lwg__psp
5	बावजूद	बावजूद	PSP:?	3	lwg__psp
6	उन्होंने	उन्होंने	PRP	14	k1
7	1968	1968	QC	14	k7
8	में	में	PSP:में	7	lwg__psp
9	सीपीएम	सीपीएम	NN	11	k5
10	से	से	PSP:से	9	lwg__psp
11	जुड़ने	जुड़ने	VM	13	r6-k2
12	का	का	PSP:का	11	lwg__psp
13	फैसला	फैसला	NN	14	pof
14	किया	कर	VM	0	main
15	.	.	.	14	rsym

1	चुनौती	चुनौती	NN	2	pof
2	देना	दे	VM	10	vmod
3	शुरुआत	शुरुआत	NN	10	k7
4	से	से	PSP:से	3	lwg__psp
5	ही	ही	RP	3	lwg__rp
6	उनके	उनके	PRP	7	r6
7	चरित्र	चरित्र	NN	9	r6
8	का	का	PSP:का	7	lwg__psp
9	हिस्सा	हिस्सा	NN	10	pof
10	रहा	रह	VM	0	main
11	है	है	VAUX	10	lwg__vaux
12	.	.	.	10	rsym

1	ये	यह	DEM	2	nmod__adj
2	सीट	सीट	NN	7	k1
3	उनके	उनके	PRP	4	r6
4	पिता	पिता	NN	6	r6-k1
5	की	का	PSP:का	4	lwg__psp
6	मृत्यु	मृत्यु	NN	7	pof
7	हो	हो	VM	11	rh
8	जाने	जान	VAUX	7	lwg__vaux
9	से	से	PSP:से	7	lwg__psp
10	खाली	खाली	JJ	11	pof
11	हुई	हो	VM	0	main
12	थी	था	VAUX	11	lwg__vaux
13	.	.	.	11	rsym

1	इसके	इसके	PRP	15	k7t
2	बाद	बाद	NST	1	lwg__psp
3	वो	वो	PRP	15	k1
4	सीपीएम	सीपीएम	NN	6	r6
5	के	का	PSP:का	4	lwg__psp
6	टिकट	टिकट	NN	15	k7
7	पर	पर	PSP:पर	6	lwg__psp
8	अगले	अगला	JJ	15	k1
9	नौ	नौ	QC	15	enm
10	लोकसभा	लोकसभा	NN	15	k1
11	चुनाव	चुनाव	NN	12	mod
12	जीतने	जीत	VM	15	k7
13	में	में	PSP:में	12	lwg__psp
14	सफल	सफल	JJ	15	pof
15	रहे	रह	VM	0	main
16	.	.	.	15	rsym

1	इस	इस	DEM	0	ROOT
2	दौरान	दौरान	NST	1	lwg__psp
3	1984	1984	QC	0	ROOT
4	में	में	PSP:में	3	lwg__psp
5	उन्हें	उन्हें	PRP	0	ROOT
6	सिर्फ	सिर्फ	RB	0	ROOT
7	एक	एक	QC	8	nmod__adj
8	बार	बार	RP	6	ccof
9	ममता	ममता	XC	10	mod
10	बनर्जी	बनर्जी	NNP	12	r6
11	के	का	PSP:का	10	lwg__psp
12	हाथों	हाथ	NN	8	ccof
13	हार	हार	NN	15	r6
14	का	का	PSP:का	13	lwg__psp
15	मुंह	मुँह	NN	16	k2
16	देखना	देख	VM	12	ccof
17	पड़ा	पड़ा	XC	16	ccof
18	.	.	.	17	rsym

1	लेकिन	लेकिन	CC:लेकिन	0	main
2	सीपीएम	सीपीएम	NN	21	k5
3	से	से	PSP:से	2	lwg__psp
4	अपने	अपना	PRP	6	r6
5	चार	चार	QC	6	nmod__adj
6	दशक	दशक	NN	21	k1
7	लंबे	लंबा	JJ	8	nmod__adj
8	जुड़ाव	जुड़ाव	NN	21	k7
9	के	का	PSP:का	8	lwg__psp
10	बावजूद	बावजूद	PSP:?	8	lwg__psp
11	चटर्जी	चटर्जी	NN	21	k1
12	कभी	कभी	PRP	21	k7t
13	भी	भी	RP	12	lwg__rp
14	पूरा	पूरा	JJ	15	nmod__adj
15	तरह	तरह	NN	21	adv
16	से	से	PSP:से	15	lwg__psp
17	पार्टी	पार्टी	NN	19	r6
18	का	का	PSP:का	17	lwg__psp
19	हिस्सा	हिस्सा	NN	21	k1s
20	नहीं	नहीं	NEG	21	lwg__neg
21	बन	बन	VM	1	ccof
22	सके	सक	VAUX	21	lwg__vaux
23	.	.	.	21	rsym

1	वो	वो	PRP	16	k1
2	पार्टी	पार्टी	NN	5	k5
3	से	से	PSP:से	2	lwg__psp
4	बर्खास्त	बर्खास्त	JJ	5	pof
5	किए	कर	VM	8	r6
6	जाने	जान	VAUX	5	lwg__vaux
7	के	का	PSP:का	5	lwg__psp
8	वक्त	वक्त	NN	16	k7t
9	भी	भी	RP	8	lwg__rp
10	पार्टी	पार्टी	NN	12	mod
11	पोलित	पोलित	JJ	12	mod
12	ब्यूरो	ब्यूरो	NN	14	r6
13	के	का	PSP:का	12	lwg__psp
14	सदस्य	सदस्य	NN	16	k1
15	नहीं	नहीं	NEG	16	lwg__neg
16	थे	था	VM	0	main
17	.	.	.	16	rsym

1	उन्हें	उन्हें	PRP	20	k2
2	पार्टी	पार्टी	NN	5	r6
3	की	का	PSP:का	2	lwg__psp
4	केंद्रीय	केंद्रीय	XC	5	mod
5	समिति	समिति	NN	7	r6
6	का	का	PSP:का	5	lwg__psp
7	सदस्य	सदस्य	NN	20	k1
8	भी	भी	RP	7	lwg__rp
9	90	90	QC	11	r6
10	के	का	PSP:का	9	lwg__psp
11	दशक	दशक	NN	13	r6
12	के	का	PSP:का	11	lwg__psp
13	अंत	अंत	NN	20	k7
14	में	में	PSP:में	13	lwg__psp
15	ज्योति	ज्योति	NN	16	mod
16	बसु	बसु	NN	18	r6
17	के	का	PSP:का	16	lwg__psp
18	आग्रह	आग्रह	NN	20	k7
19	पर	पर	PSP:पर	18	lwg__psp
20	बनाया	बना	VM	0	main
21	गया	गया	VAUX	20	lwg__vaux
22	था	था	VAUX	20	lwg__vaux
23	.	.	.	20	rsym

1	उनसे	उनसे	PRP	0	ROOT
2	किसी	किसी	PRP	6	k4a
3	को	को	PSP:को	2	lwg__psp
4	नाराज़गी	नाराज़गी	NN	6	pof
5	नहीं	नहीं	NEG	6	lwg__neg
6	है	है	VM	7	ccof
7	लेकिन	लेकिन	CC:लेकिन	0	ROOT
8	पार्टी	पार्टी	NN	11	r6
9	के	का	PSP:का	8	lwg__psp
10	अंदरूनी	अंदरूनी	JJ	11	nmod__adj
11	सूत्र	सूत्र	NN	12	k1
12	बताते	बता	VM	7	ccof
13	हैं	है	VAUX	12	lwg__vaux
14	कि	कि	CC:कि	12	k2
15	उनकी	उनकी	PRP	17	r6
16	अलग	अलग	JJ	17	nmod__adj
17	सोच	सोच	NN	18	ccof
18	और	और	CC:और	27	k7
19	खुल	खुल	NN	18	ccof
20	के	का	PSP:का	19	lwg__psp
21	बोलने	बोल	VM	23	r6-k2
22	की	का	PSP:का	21	lwg__psp
23	आदत	आदत	NN	27	k1
24	परेशानी	परेशानी	NN	27	k7
25	का	का	PSP:का	24	lwg__psp
26	कारण	कारण	NN	24	lwg__psp
27	बन	बन	VM	14	ccof
28	जाते	जा	VAUX	27	lwg__vaux
29	हैं	है	VAUX	27	lwg__vaux
30	.	.	.	27	rsym

1	मई	मई	NNP	8	k7t
2	में	में	PSP:में	1	lwg__psp
3	ये	यह	DEM	5	nmod__adj
4	धरती	धरती	NN	5	pof__cn
5	स्वर्ग	स्वर्ग	NN	8	k7
6	जैसा	जैसा	PSP:जैसा	5	lwg__psp
7	ही	ही	RP	5	lwg__rp
8	लग	लग	VM	0	main
9	रहा	रह	VAUX	8	lwg__vaux
10	था	था	VAUX	8	lwg__vaux
11	.	.	.	8	rsym

1	उनके	उनके	PRP	13	ras-k1
2	साथ	साथ	NST	1	lwg__psp
3	वैसा	वैसा	PRP	6	k7p
4	ही	ही	RP	3	lwg__rp
5	व्यवहार	व्यवहार	NN	6	pof
6	होना	हो	VM	9	nmod__relc
7	चाहिए	चाह	VAUX	6	lwg__vaux
8	जैसा	जैसा	CC:जैसा	6	lwg__psp
9	वे	वह	PRP	13	k1
10	गायों	गाय	NN	13	ras-k1
11	के	का	PSP:का	10	lwg__psp
12	साथ	साथ	NST	10	lwg__psp
13	करते	कर	VM	0	main
14	हैं	है	VAUX	13	lwg__vaux
15	.	.	.	13	rsym

1	इसकी	इसकी	PRP	2	r6
2	हालत	हालत	NN	8	k1
3	घर	घर	NN	5	r6
4	के	का	PSP:का	3	lwg__psp
5	पिछवाड़े	पिछवाड़े	NN	8	k1s
6	जैसी	जैसी	RP	5	lwg__rp
7	न	न	NEG	8	lwg__neg
8	हो	हो	VM	0	main
9	जाए	जा	VAUX	8	lwg__vaux
10	.	.	.	8	rsym

1	इसका	इसका	PRP	3	pof__cn
2	सिर	सिर	NN	3	pof
3	चम्मच	चम्मच	VM	0	main
4	जैसा	जैसा	PSP:जैसा	3	lwg__psp
5	होता	हो	VM	3	lwg__vaux
6	है	है	VAUX	3	lwg__vaux
7	.	.	.	3	rsym

1	रोहित	रोहित	JJ	2	mod
2	शर्मा	शर्मा	NN	6	r6
3	के	का	PSP:का	2	lwg__psp
4	खेलने	खेल	VM	6	r6
5	की	का	PSP:का	4	lwg__psp
6	शैली	शैली	NN	11	k1
7	विवियन	विवियन	JJ	8	nmod__adj
8	रिचर्डस	रिचर्डस	NN	11	r6v
9	जैसी	जैसी	PSP:जैसी	8	lwg__psp
10	ही	ही	RP	8	lwg__rp
11	है	है	VM	0	main
12	.	.	.	11	rsym

1	राजा-रानी	राजा-रानी	NN	0	ROOT
2	जैसे	जैसे	RP	1	lwg__rp
3	सजेंगे	सज	JJ	4	nmod__adj
4	जगदीश-लक्ष्मी	जगदीश-लक्ष्मी	NN	0	ROOT
5	.	.	.	4	rsym

1	उसका	उसका	PRP	2	r6
2	तरीका	तरीका	NN	0	ROOT
3	भी	भी	RP	2	lwg__rp
4	ऐसा	ऐसा	PRP	6	k1s
5	नहीं	नहीं	NEG	6	lwg__neg
6	था	था	VM	0	ROOT
7	जैसा	जैसा	PSP:जैसा	6	lwg__psp
8	आत्महत्या	आत्महत्या	NN	9	pof
9	करने	कर	VM	11	nmod
10	वाले	वाला	PSP:वाला	9	lwg__psp
11	सामान्यत	सामान्यतः	NN	14	k1
12	:	:	:	14	adv
13	उपयोग	उपयोग	NN	14	pof
14	करते	कर	VM	0	ROOT
15	हैं	है	VAUX	14	lwg__vaux
16	.	.	.	14	rsym

1	हर	हर	QF	2	nmod__adj
2	प्रतीक	प्रतीक	NN	5	r6
3	का	का	PSP:का	2	lwg__psp
4	रंग	रंग	NN	5	mod
5	ओलिंपिक	ओलिंपिक	NN	8	r6
6	की	का	PSP:का	5	lwg__psp
7	पांच	पांच	QC	8	nmod__adj
8	रिंग्स	रिंग्स	NN	10	k1
9	जैसा	जैसा	PSP:जैसा	8	lwg__psp
10	है	है	VM	0	main
11	.	.	.	10	rsym

1	साइरस	साइरस	NN	6	k1
2	उसी	उसी	DEM	3	nmod__adj
3	तरह	तरह	NN	6	adv
4	भारतीय	भारतीय	JJ	5	nmod__adj
5	उपक्रम	उपक्रम	NN	6	k1s
6	है	है	VM	0	main
7	जैसा	जैसा	PSP:जैसा	6	lwg__psp
8	कोई	कोई	PRP	9	nmod__adj
9	और	और	CC:और	6	k1s
10	.	.	.	6	rsym

1	शहर	शहर	NN	3	r6
2	का	का	PSP:का	1	lwg__psp
3	माहौल	माहौल	NN	8	k1
4	प्रसिद्ध	प्रसिद्ध	JJ	6	nmod__adj
5	तीर्थ	तीर्थ	XC	6	pof__cn
6	जगन्नाथपुरी	जगन्नाथपुरी	NNP	8	k1s
7	जैसा	जैसा	PSP:जैसा	6	lwg__psp
8	होगा	हो	VM	0	main
9	.	.	.	8	rsym

1	वर्षा	वर्षा	NN	3	r6
2	के	का	PSP:का	1	lwg__psp
3	दिनों	दिन	NN	7	k7t
4	में	में	PSP:में	3	lwg__psp
5	स्वर्ग	स्वर्ग	NN	7	k1
6	जैसी	जैसी	PSP:जैसी	5	lwg__psp
7	हो	हो	VM	11	nmod__k1inv
8	जाने	जान	VAUX	7	lwg__vaux
9	वाली	वाली	PSP:वाली	7	lwg__psp
10	श्रीनगर	श्रीनगर	XC	11	mod
11	इलाके	इलाका	NN	13	r6
12	की	का	PSP:का	11	lwg__psp
13	पहाड़ियां	पहाड़ियां	NN	17	k1
14	तेजी	तेजी	RB	17	adv
15	से	से	PSP:से	14	mod
16	बंजर	बंजर	JJ	17	pof
17	हो	हो	VM	0	main
18	रही	रह	VAUX	17	lwg__vaux
19	हैं	है	VAUX	17	lwg__vaux
20	.	.	.	17	rsym

1	सिंध	सिंध	NNP	2	mod
2	प्रांत	प्रांत	NN	4	r6
3	की	का	PSP:का	2	lwg__psp
4	संस्कृति	संस्कृति	NN	9	k1
5	गुजरात	गुजरात	NN	6	ccof
6	और	और	CC:और	9	k1
7	राजस्थान	राजस्थान	NNP	6	ccof
8	जैसी	जैसी	PSP:जैसी	7	lwg__psp
9	है	है	VM	0	main
10	.	.	.	9	rsym